<?xml version="1.0" encoding="UTF-8"?>
<beans xmlns:xsi="http://www.w3.org/2001/XMLSchema-instance"
	xmlns:aop="http://www.springframework.org/schema/aop" xmlns:context="http://www.springframework.org/schema/context"
	xmlns:jee="http://www.springframework.org/schema/jee" xmlns:p="http://www.springframework.org/schema/p"
	xmlns:tx="http://www.springframework.org/schema/tx" xmlns="http://www.springframework.org/schema/beans"
	xsi:schemaLocation="http://www.springframework.org/schema/beans http://www.springframework.org/schema/beans/spring-beans-3.0.xsd
		http://www.springframework.org/schema/context http://www.springframework.org/schema/context/spring-context-3.0.xsd
		http://www.springframework.org/schema/jee http://www.springframework.org/schema/jee/spring-jee-3.0.xsd
		http://www.springframework.org/schema/tx http://www.springframework.org/schema/tx/spring-tx-3.0.xsd">

	<context:spring-configured />

	<context:annotation-config />

	<bean
		class="org.springframework.context.support.PropertySourcesPlaceholderConfigurer">
		<property name="locations">
			<list>
				<value>
					classpath:META-INF/test-baas-config.properties
				</value>
			</list>
		</property>
	</bean>

	<import resource="classpath:/spring/baas-rest-context.xml" />

	<bean id="userGridRestTmplate" abstract="true"
		class="com.bbytes.endure.baas.template.usergrid.AbstractUsergridRestTemplateImpl">
		<property name="baasUrl" value="${baas.base.url}" />
	</bean>

	<bean id="adminResourceTemplate"
		class="com.bbytes.endure.baas.template.usergrid.UsergridAdminResourceTemplateImpl"
		parent="userGridRestTmplate" />

	<bean id="storeResourceTemplate"
		class="com.bbytes.endure.baas.template.usergrid.UsergridStoreResourceTemplateImpl"
		parent="userGridRestTmplate" />

	<bean id="dealResourceTemplate"
		class="com.bbytes.endure.baas.template.usergrid.UsergridDealResourceTemplateImpl"
		parent="userGridRestTmplate" />

</beans>