<?xml version="1.0" encoding="UTF-8" ?>
<beans xmlns="http://www.springframework.org/schema/beans" xmlns:xsi="http://www.w3.org/2001/XMLSchema-instance"
	xmlns:oauth="http://www.springframework.org/schema/security/oauth2" xmlns:sec="http://www.springframework.org/schema/security"
	xmlns:mvc="http://www.springframework.org/schema/mvc"
	xsi:schemaLocation="http://www.springframework.org/schema/security/oauth2 http://www.springframework.org/schema/security/spring-security-oauth2-1.0.xsd
		http://www.springframework.org/schema/mvc http://www.springframework.org/schema/mvc/spring-mvc-3.1.xsd
		http://www.springframework.org/schema/security http://www.springframework.org/schema/security/spring-security-3.1.xsd
		http://www.springframework.org/schema/beans http://www.springframework.org/schema/beans/spring-beans-3.1.xsd">

	
	<http pattern="/oauth/token" create-session="stateless" authentication-manager-ref="clientAuthenticationManager"
		xmlns="http://www.springframework.org/schema/security">
		<intercept-url pattern="/oauth/token" access="IS_AUTHENTICATED_FULLY" />
		<anonymous enabled="false" />
		<http-basic entry-point-ref="clientAuthenticationEntryPoint" />
		<access-denied-handler ref="oauthAccessDeniedHandler" />
	</http>


	<!-- The OAuth2 protected resources are separated out into their own block so we can deal with authorization and error handling 
		separately. This isn't mandatory, but it makes it easier to control the behaviour. -->
	<http pattern="/management/**" create-session="never" entry-point-ref="oauthAuthenticationEntryPoint"
		access-decision-manager-ref="accessDecisionManager" xmlns="http://www.springframework.org/schema/security">
		<anonymous enabled="false" />
		<intercept-url pattern="/management/**" access="ROLE_ACCOUNT_ADMIN" />
		<custom-filter ref="resourceServerFilter" before="PRE_AUTH_FILTER" />
		<access-denied-handler ref="oauthAccessDeniedHandler" />
	</http>


	<!-- The OAuth2 protected resources are separated out into their own block so we can deal with authorization and error handling 
		separately. This isn't mandatory, but it makes it easier to control the behaviour. -->
	<http pattern="/**" create-session="never" entry-point-ref="oauthAuthenticationEntryPoint"
		access-decision-manager-ref="accessDecisionManager" xmlns="http://www.springframework.org/schema/security">
		<anonymous enabled="false" />
		<intercept-url pattern="/**" access="ROLE_APPLICATION_USER" />
		<custom-filter ref="resourceServerFilter" before="PRE_AUTH_FILTER" />
		<access-denied-handler ref="oauthAccessDeniedHandler" />
	</http>


	<bean id="oauthAuthenticationEntryPoint" class="org.springframework.security.oauth2.provider.error.OAuth2AuthenticationEntryPoint">
		<property name="realmName" value="daas" />
	</bean>

	<bean id="clientAuthenticationEntryPoint" class="org.springframework.security.oauth2.provider.error.OAuth2AuthenticationEntryPoint">
		<property name="realmName" value="daas/client" />
		<property name="typeName" value="Basic" />
	</bean>

	<bean id="oauthAccessDeniedHandler" class="org.springframework.security.oauth2.provider.error.OAuth2AccessDeniedHandler" />

	<bean id="clientCredentialsTokenEndpointFilter" class="org.springframework.security.oauth2.provider.client.ClientCredentialsTokenEndpointFilter">
		<property name="authenticationManager" ref="clientAuthenticationManager" />
	</bean>

	<bean id="accessDecisionManager" class="org.springframework.security.access.vote.UnanimousBased" xmlns="http://www.springframework.org/schema/beans">
		<constructor-arg>
			<list>
				<bean class="org.springframework.security.oauth2.provider.vote.ScopeVoter" />
				<bean class="org.springframework.security.access.vote.RoleVoter" />
				<bean class="org.springframework.security.access.vote.AuthenticatedVoter" />
			</list>
		</constructor-arg>
	</bean>

	<authentication-manager id="clientAuthenticationManager" xmlns="http://www.springframework.org/schema/security">
		<authentication-provider user-service-ref="clientDetailsUserService" />
	</authentication-manager>

	<authentication-manager alias="authenticationManager" xmlns="http://www.springframework.org/schema/security">
		<authentication-provider>
			<user-service id="userDetailsService">
				<user name="marissa" password="koala" authorities="ROLE_ACCOUNT_ADMIN" />
				<user name="paul" password="emu" authorities="ROLE_ACCOUNT_ADMIN" />
				<user name="admin" password="admin" authorities="ROLE_ACCOUNT_ADMIN" />
			</user-service>
		</authentication-provider>
	</authentication-manager>

	<bean id="clientDetailsUserService" class="org.springframework.security.oauth2.provider.client.ClientDetailsUserDetailsService">
		<constructor-arg ref="clientDetails" />
	</bean>

	<bean id="tokenStore" class="org.springframework.security.oauth2.provider.token.InMemoryTokenStore" />

	<bean id="tokenServices" class="org.springframework.security.oauth2.provider.token.DefaultTokenServices">
		<property name="tokenStore" ref="tokenStore" />
		<property name="supportRefreshToken" value="true" />
		<property name="clientDetailsService" ref="clientDetails" />
	</bean>

	 <!-- <bean id="requestFactory" class="org.springframework.security.oauth2.provider.DefaultOAuth2RequestFactory">
		<constructor-arg name="clientDetailsService" ref="clientDetails" />
	</bean> -->

	<bean id="userApprovalHandler" class="com.bbytes.daas.security.DaasUserApprovalHandler">
		<property name="autoApproveClients">
			<set>
				<value>my-less-trusted-autoapprove-client</value>
			</set>
		</property>
		<property name="tokenServices" ref="tokenServices" />
		<!-- <property name="requestFactory" ref="requestFactory" /> -->
	</bean>

	<oauth:authorization-server client-details-service-ref="clientDetails" token-services-ref="tokenServices"
		user-approval-handler-ref="userApprovalHandler">
		<oauth:authorization-code />
		<oauth:implicit />
		<oauth:refresh-token />
		<oauth:client-credentials />
		<oauth:password />
	</oauth:authorization-server>

	<oauth:resource-server id="resourceServerFilter" resource-id="daas" token-services-ref="tokenServices" />

	<oauth:client-details-service id="clientDetails">
		<oauth:client client-id="admin" secret="admin" authorized-grant-types="password,authorization_code,refresh_token,implicit"
			authorities="ROLE_TENENT_ADMIN" scope="read,write,trust" access-token-validity="60" />
		<oauth:client client-id="accAdmin" authorized-grant-types="password,authorization_code,refresh_token,implicit"
			secret="accAdmin" scope="read,write,trust" authorities="ROLE_ACCOUNT_ADMIN" />
		<oauth:client client-id="appUser" authorized-grant-types="authorization_code,implicit" authorities="ROLE_APPLICATION_USER"
			scope="read" secret="appUser" />
	</oauth:client-details-service>

	

	<sec:global-method-security pre-post-annotations="enabled" proxy-target-class="true">
		<!--you could also wire in the expression handler up at the layer of the http filters. See https://jira.springsource.org/browse/SEC-1452 -->
		<sec:expression-handler ref="oauthExpressionHandler" />
	</sec:global-method-security>

	<oauth:expression-handler id="oauthExpressionHandler" />

	<oauth:web-expression-handler id="oauthWebExpressionHandler" />

</beans>
