<?xml version="1.0" encoding="UTF-8"?>
<beans xmlns:xsi="http://www.w3.org/2001/XMLSchema-instance"
	xmlns:aop="http://www.springframework.org/schema/aop" xmlns:context="http://www.springframework.org/schema/context"
	xmlns:jee="http://www.springframework.org/schema/jee" xmlns:mvc="http://www.springframework.org/schema/mvc"
	xmlns:p="http://www.springframework.org/schema/p" xmlns:tx="http://www.springframework.org/schema/tx"
	xmlns:util="http://www.springframework.org/schema/util" xmlns="http://www.springframework.org/schema/beans"
	xsi:schemaLocation="http://www.springframework.org/schema/mvc http://www.springframework.org/schema/mvc/spring-mvc-3.0.xsd
	http://www.springframework.org/schema/beans http://www.springframework.org/schema/beans/spring-beans-3.0.xsd
		http://www.springframework.org/schema/context http://www.springframework.org/schema/context/spring-context-3.0.xsd
		http://www.springframework.org/schema/jee http://www.springframework.org/schema/jee/spring-jee-3.0.xsd
		http://www.springframework.org/schema/tx http://www.springframework.org/schema/tx/spring-tx-3.0.xsd
		http://www.springframework.org/schema/util http://www.springframework.org/schema/util/spring-util-3.1.xsd">


	<tx:annotation-driven />


	<!-- default transaction manager -->
	<bean id="transactionManager"
		class="com.bbytes.daas.db.orientDb.OrientGraphDbPoolTransactionManager">
	</bean>

	<bean id="orientDbConnManager" class="com.bbytes.daas.db.orientDb.OrientDbConnectionManager">
		<property name="databaseURL" value="remote:localhost" />
		<property name="tenantManagementDBName" value="daas-test" />
		<property name="minConnections" value="1" />
		<property name="maxConnections" value="5" />
		<property name="username" value="root" />
		<property name="password"
			value="root" />

		<property name="domainClassBasePackage" value="com.bbytes.daas.rest.domain" />
	</bean>




</beans>